\BOOKMARK [0][-]{chapter.1}{Executive Summary}{}% 1
\BOOKMARK [0][-]{chapter.2}{Problem statement}{}% 2
\BOOKMARK [0][-]{chapter.3}{SM0r2 Solutions}{}% 3
\BOOKMARK [1][-]{section.3.1}{Proof of SM0r2\137mapSM0r1\137Alice\137Commander\137trap\137privcmd\137lemma}{chapter.3}% 4
\BOOKMARK [2][-]{subsection.3.1.1}{Relevant Code}{section.3.1}% 5
\BOOKMARK [2][-]{subsection.3.1.2}{Session Transcript}{section.3.1}% 6
\BOOKMARK [1][-]{section.3.2}{Proof of SM0r2\137Commander\137Alice\137trap\137privcmd\137justified\137thm}{chapter.3}% 7
\BOOKMARK [2][-]{subsection.3.2.1}{Relevant Code}{section.3.2}% 8
\BOOKMARK [2][-]{subsection.3.2.2}{Session Transcript}{section.3.2}% 9
\BOOKMARK [1][-]{section.3.3}{Proof of SM0r2\137Commander\137mapSM0r1input\137trap\137privcmd\137justifed\137thm}{chapter.3}% 10
\BOOKMARK [2][-]{subsection.3.3.1}{Relevant Code}{section.3.3}% 11
\BOOKMARK [2][-]{subsection.3.3.2}{Session Transcript}{section.3.3}% 12
\BOOKMARK [0][-]{chapter.4}{SM0r3 Solutions}{}% 13
\BOOKMARK [1][-]{section.4.1}{Proof of certificatesr3a\137certsr2a\137map\137thm}{chapter.4}% 14
\BOOKMARK [2][-]{subsection.4.1.1}{Relevant Code}{section.4.1}% 15
\BOOKMARK [2][-]{subsection.4.1.2}{Session Transcript}{section.4.1}% 16
\BOOKMARK [1][-]{section.4.2}{Proof of SM0r3\137mkinMsg\137SM0r2\137Alice\137Commander\137trap\137privcmd\137lemma}{chapter.4}% 17
\BOOKMARK [2][-]{subsection.4.2.1}{Relevant Code}{section.4.2}% 18
\BOOKMARK [2][-]{subsection.4.2.2}{Session Transcript}{section.4.2}% 19
\BOOKMARK [1][-]{section.4.3}{Proof of SM0r3\137Commander\137Alice\137privcmd\137trap\137privcmd\137justified\137with\137refinements\137thm}{chapter.4}% 20
\BOOKMARK [2][-]{subsection.4.3.1}{Relevant Code}{section.4.3}% 21
\BOOKMARK [2][-]{subsection.4.3.2}{Session Transcript}{section.4.3}% 22
\BOOKMARK [1][-]{section.4.4}{Proof of SM0r3\137Commander\137Alice\137privcmd\137trap\137privcmd\137justified\137thm}{chapter.4}% 23
\BOOKMARK [2][-]{subsection.4.4.1}{Relevant Code}{section.4.4}% 24
\BOOKMARK [2][-]{subsection.4.4.2}{Session Transcript}{section.4.4}% 25
\BOOKMARK [1][-]{section.4.5}{Proof of SM0r3\137Alice\137TR2\137iff\137TR\137trap\137privcmd}{chapter.4}% 26
\BOOKMARK [2][-]{subsection.4.5.1}{Relevant Code}{section.4.5}% 27
\BOOKMARK [2][-]{subsection.4.5.2}{Session Transcript}{section.4.5}% 28
\BOOKMARK [0][-]{appendix.A}{Source Code for SM0r3Solutions.sml}{}% 29
