\BOOKMARK [0][-]{chapter.1}{Executive Summary}{}% 1
\BOOKMARK [0][-]{chapter.2}{Excercise 13.10.1}{}% 2
\BOOKMARK [1][-]{section.2.1}{Problem statement}{chapter.2}% 3
\BOOKMARK [1][-]{section.2.2}{Relevant Code}{chapter.2}% 4
\BOOKMARK [2][-]{subsection.2.2.1}{Forward Proof}{section.2.2}% 5
\BOOKMARK [2][-]{subsection.2.2.2}{Goal Oriented Proof}{section.2.2}% 6
\BOOKMARK [2][-]{subsection.2.2.3}{Goal Oriented Proof using Tactics}{section.2.2}% 7
\BOOKMARK [1][-]{section.2.3}{Session Transcript}{chapter.2}% 8
\BOOKMARK [2][-]{subsection.2.3.1}{Forward Proof}{section.2.3}% 9
\BOOKMARK [2][-]{subsection.2.3.2}{Goal Oriented Proof}{section.2.3}% 10
\BOOKMARK [2][-]{subsection.2.3.3}{Goal Oriented Proof Using Tactics}{section.2.3}% 11
\BOOKMARK [0][-]{chapter.3}{Excercise 13.10.2}{}% 12
\BOOKMARK [1][-]{section.3.1}{Problem statement}{chapter.3}% 13
\BOOKMARK [1][-]{section.3.2}{Relevant Code}{chapter.3}% 14
\BOOKMARK [2][-]{subsection.3.2.1}{Forward Proof}{section.3.2}% 15
\BOOKMARK [2][-]{subsection.3.2.2}{Goal Oriented Proof}{section.3.2}% 16
\BOOKMARK [2][-]{subsection.3.2.3}{Goal Oriented Proof using Tactics}{section.3.2}% 17
\BOOKMARK [1][-]{section.3.3}{Session Transcript}{chapter.3}% 18
\BOOKMARK [2][-]{subsection.3.3.1}{Forward Proof}{section.3.3}% 19
\BOOKMARK [2][-]{subsection.3.3.2}{Goal Oriented Proof}{section.3.3}% 20
\BOOKMARK [2][-]{subsection.3.3.3}{Goal Oriented Proof Using Tactics}{section.3.3}% 21
\BOOKMARK [0][-]{chapter.4}{Excercise 14.4.1}{}% 22
\BOOKMARK [1][-]{section.4.1}{Problem statement}{chapter.4}% 23
\BOOKMARK [1][-]{section.4.2}{Relevant Code}{chapter.4}% 24
\BOOKMARK [2][-]{subsection.4.2.1}{Data types}{section.4.2}% 25
\BOOKMARK [2][-]{subsection.4.2.2}{Forward proof of OpRuleLaunch\137thm}{section.4.2}% 26
\BOOKMARK [2][-]{subsection.4.2.3}{Proof of OpRuleAbort\137thm}{section.4.2}% 27
\BOOKMARK [2][-]{subsection.4.2.4}{Proof for ApRuleActivate\137thm}{section.4.2}% 28
\BOOKMARK [2][-]{subsection.4.2.5}{Proof for ApRuleStandDown\137thm}{section.4.2}% 29
\BOOKMARK [1][-]{section.4.3}{Session Transcripts}{chapter.4}% 30
\BOOKMARK [2][-]{subsection.4.3.1}{Data types}{section.4.3}% 31
\BOOKMARK [2][-]{subsection.4.3.2}{OpRuleLaunch}{section.4.3}% 32
\BOOKMARK [2][-]{subsection.4.3.3}{OpRuleAbort\137thm}{section.4.3}% 33
\BOOKMARK [2][-]{subsection.4.3.4}{ApRuleAbort\137thm}{section.4.3}% 34
\BOOKMARK [2][-]{subsection.4.3.5}{ApRuleStandDown\137thm}{section.4.3}% 35
\BOOKMARK [0][-]{appendix.A}{Source code: Ex 13.10.1 and Ex 13.10.2}{}% 36
\BOOKMARK [0][-]{appendix.B}{Source code: Ex 14.4.1}{}% 37
