\BOOKMARK [0][-]{chapter.1}{Executive Summary}{}% 1
\BOOKMARK [0][-]{chapter.2}{Excercise 4.6.3}{}% 2
\BOOKMARK [1][-]{section.2.1}{Problem statement}{chapter.2}% 3
\BOOKMARK [1][-]{section.2.2}{Relevant Code}{chapter.2}% 4
\BOOKMARK [1][-]{section.2.3}{Test Case}{chapter.2}% 5
\BOOKMARK [0][-]{chapter.3}{Excercise 4.6.4}{}% 6
\BOOKMARK [1][-]{section.3.1}{Problem statement}{chapter.3}% 7
\BOOKMARK [1][-]{section.3.2}{Relevant Code}{chapter.3}% 8
\BOOKMARK [1][-]{section.3.3}{Test Case}{chapter.3}% 9
\BOOKMARK [0][-]{chapter.4}{Excercise 5.3.4}{}% 10
\BOOKMARK [1][-]{section.4.1}{Problem statement}{chapter.4}% 11
\BOOKMARK [1][-]{section.4.2}{Relevant Code}{chapter.4}% 12
\BOOKMARK [1][-]{section.4.3}{Test Case}{chapter.4}% 13
\BOOKMARK [0][-]{chapter.5}{Excercise 5.3.5}{}% 14
\BOOKMARK [1][-]{section.5.1}{Problem statement}{chapter.5}% 15
\BOOKMARK [1][-]{section.5.2}{Relevant Code}{chapter.5}% 16
\BOOKMARK [1][-]{section.5.3}{Test Case}{chapter.5}% 17
\BOOKMARK [0][-]{appendix.A}{Source code for Ex 4.6.3}{}% 18
\BOOKMARK [0][-]{appendix.B}{Source code for Ex 4.6.4}{}% 19
\BOOKMARK [0][-]{appendix.C}{Source code for Ex 5.3.4}{}% 20
\BOOKMARK [0][-]{appendix.D}{Source code for Ex 5.3.5}{}% 21
