\BOOKMARK [0][-]{chapter.1}{Executive Summary}{}% 1
\BOOKMARK [0][-]{chapter.2}{Excercise 9.5.1}{}% 2
\BOOKMARK [1][-]{section.2.1}{Problem statement}{chapter.2}% 3
\BOOKMARK [1][-]{section.2.2}{Relevant Code}{chapter.2}% 4
\BOOKMARK [1][-]{section.2.3}{Session Transcript}{chapter.2}% 5
\BOOKMARK [0][-]{chapter.3}{Excercise 9.5.2}{}% 6
\BOOKMARK [1][-]{section.3.1}{Problem statement}{chapter.3}% 7
\BOOKMARK [1][-]{section.3.2}{Relevant Code}{chapter.3}% 8
\BOOKMARK [1][-]{section.3.3}{Session Transcript}{chapter.3}% 9
\BOOKMARK [0][-]{chapter.4}{Excercise 9.5.3}{}% 10
\BOOKMARK [1][-]{section.4.1}{Problem statement}{chapter.4}% 11
\BOOKMARK [1][-]{section.4.2}{Relevant Code}{chapter.4}% 12
\BOOKMARK [1][-]{section.4.3}{Test Case}{chapter.4}% 13
\BOOKMARK [0][-]{chapter.5}{Excercise 10.4.1}{}% 14
\BOOKMARK [1][-]{section.5.1}{Problem statement}{chapter.5}% 15
\BOOKMARK [1][-]{section.5.2}{Relevant Code}{chapter.5}% 16
\BOOKMARK [1][-]{section.5.3}{Session Transcript}{chapter.5}% 17
\BOOKMARK [0][-]{chapter.6}{Excercise 10.4.2}{}% 18
\BOOKMARK [1][-]{section.6.1}{Problem statement}{chapter.6}% 19
\BOOKMARK [1][-]{section.6.2}{Relevant Code}{chapter.6}% 20
\BOOKMARK [1][-]{section.6.3}{Session Transcript}{chapter.6}% 21
\BOOKMARK [0][-]{chapter.7}{Excercise 10.4.3}{}% 22
\BOOKMARK [1][-]{section.7.1}{Problem statement}{chapter.7}% 23
\BOOKMARK [1][-]{section.7.2}{Relevant Code}{chapter.7}% 24
\BOOKMARK [1][-]{section.7.3}{Test Case}{chapter.7}% 25
\BOOKMARK [0][-]{appendix.A}{Source code: Ex 9}{}% 26
\BOOKMARK [0][-]{appendix.B}{Source code: Ex 10}{}% 27
