\BOOKMARK [0][-]{chapter.1}{Executive Summary}{}% 1
\BOOKMARK [0][-]{chapter.2}{Excercise 17.3.1}{}% 2
\BOOKMARK [1][-]{section.2.1}{Problem statement}{chapter.2}% 3
\BOOKMARK [1][-]{section.2.2}{Proof 17.3.1 A}{chapter.2}% 4
\BOOKMARK [2][-]{subsection.2.2.1}{Relevant Code}{section.2.2}% 5
\BOOKMARK [2][-]{subsection.2.2.2}{Session Transcript}{section.2.2}% 6
\BOOKMARK [1][-]{section.2.3}{Proof 17.3.1 B}{chapter.2}% 7
\BOOKMARK [2][-]{subsection.2.3.1}{Relevant Code}{section.2.3}% 8
\BOOKMARK [2][-]{subsection.2.3.2}{Session Transcript}{section.2.3}% 9
\BOOKMARK [1][-]{section.2.4}{Proof 17.3.1 C}{chapter.2}% 10
\BOOKMARK [2][-]{subsection.2.4.1}{Relevant Code}{section.2.4}% 11
\BOOKMARK [2][-]{subsection.2.4.2}{Session Transcript}{section.2.4}% 12
\BOOKMARK [1][-]{section.2.5}{Proof 17.3.1 D}{chapter.2}% 13
\BOOKMARK [2][-]{subsection.2.5.1}{Relevant Code}{section.2.5}% 14
\BOOKMARK [2][-]{subsection.2.5.2}{Session Transcript}{section.2.5}% 15
\BOOKMARK [0][-]{chapter.3}{Excercise 17.3.3}{}% 16
\BOOKMARK [1][-]{section.3.1}{Problem statement}{chapter.3}% 17
\BOOKMARK [1][-]{section.3.2}{Proof 17.3.3 A}{chapter.3}% 18
\BOOKMARK [2][-]{subsection.3.2.1}{Relevant Code}{section.3.2}% 19
\BOOKMARK [2][-]{subsection.3.2.2}{Session Transcript}{section.3.2}% 20
\BOOKMARK [1][-]{section.3.3}{Proof 17.3.3 B}{chapter.3}% 21
\BOOKMARK [2][-]{subsection.3.3.1}{Relevant Code}{section.3.3}% 22
\BOOKMARK [2][-]{subsection.3.3.2}{Session Transcript}{section.3.3}% 23
\BOOKMARK [1][-]{section.3.4}{Proof 17.3.3 C}{chapter.3}% 24
\BOOKMARK [2][-]{subsection.3.4.1}{Relevant Code}{section.3.4}% 25
\BOOKMARK [2][-]{subsection.3.4.2}{Session Transcript}{section.3.4}% 26
\BOOKMARK [0][-]{appendix.A}{Source code: ssm1Script}{}% 27
\BOOKMARK [0][-]{appendix.B}{Source code: SM0Script}{}% 28
\BOOKMARK [0][-]{appendix.C}{Source code: SMOSolutionsScript}{}% 29
